mai. 28, 2025 5:57:42 PM liquibase.database
INFORMAÇÕES: Set default schema name to public
mai. 28, 2025 5:57:42 PM liquibase.changelog
INFORMAÇÕES: Reading resource: db/changelog/migrations/db.changelog-202505281339.sql
mai. 28, 2025 5:57:42 PM liquibase.changelog
INFORMAÇÕES: Reading resource: db/changelog/migrations/db.changelog-202505281646.sql
mai. 28, 2025 5:57:42 PM liquibase.changelog
INFORMAÇÕES: Reading resource: db/changelog/migrations/db.changelog-202505281652.sql
mai. 28, 2025 5:57:42 PM liquibase.changelog
INFORMAÇÕES: Reading resource: db/changelog/migrations/db.changelog-202505281655.sql
mai. 28, 2025 5:57:42 PM liquibase.changelog
INFORMAÇÕES: Creating database history table with name: public.databasechangelog
mai. 28, 2025 5:57:42 PM liquibase.changelog
INFORMAÇÕES: Reading from public.databasechangelog
mai. 28, 2025 5:57:42 PM liquibase.snapshot
INFORMAÇÕES: Creating snapshot
mai. 28, 2025 5:57:42 PM liquibase.lockservice
INFORMAÇÕES: Successfully acquired change log lock
mai. 28, 2025 5:57:42 PM liquibase.command
INFORMAÇÕES: Using deploymentId: 8465862793
mai. 28, 2025 5:57:42 PM liquibase.changelog
INFORMAÇÕES: Reading from public.databasechangelog
Running Changeset: db/changelog/migrations/db.changelog-202505281339.sql::202505281339::aline
mai. 28, 2025 5:57:42 PM liquibase.changelog
INFORMAÇÕES: Custom SQL executed
mai. 28, 2025 5:57:42 PM liquibase.changelog
INFORMAÇÕES: ChangeSet db/changelog/migrations/db.changelog-202505281339.sql::202505281339::aline ran successfully in 51ms
Running Changeset: db/changelog/migrations/db.changelog-202505281646.sql::202505281339::aline
mai. 28, 2025 5:57:42 PM liquibase.changelog
INFORMAÇÕES: Custom SQL executed
mai. 28, 2025 5:57:42 PM liquibase.changelog
INFORMAÇÕES: ChangeSet db/changelog/migrations/db.changelog-202505281646.sql::202505281339::aline ran successfully in 27ms
Running Changeset: db/changelog/migrations/db.changelog-202505281652.sql::202505281339::aline
mai. 28, 2025 5:57:43 PM liquibase.changelog
INFORMAÇÕES: Custom SQL executed
mai. 28, 2025 5:57:43 PM liquibase.changelog
INFORMAÇÕES: ChangeSet db/changelog/migrations/db.changelog-202505281652.sql::202505281339::aline ran successfully in 26ms
Running Changeset: db/changelog/migrations/db.changelog-202505281655.sql::202505281339::aline
mai. 28, 2025 5:57:43 PM liquibase.changelog
INFORMAÇÕES: Custom SQL executed
mai. 28, 2025 5:57:43 PM liquibase.changelog
INFORMAÇÕES: ChangeSet db/changelog/migrations/db.changelog-202505281655.sql::202505281339::aline ran successfully in 25ms

UPDATE SUMMARY
Run:                          4
Previously run:               0
Filtered out:                 0
-------------------------------
Total change sets:            4

mai. 28, 2025 5:57:43 PM liquibase.util
INFORMAÇÕES: UPDATE SUMMARY
mai. 28, 2025 5:57:43 PM liquibase.util
INFORMAÇÕES: Run:                          4
mai. 28, 2025 5:57:43 PM liquibase.util
INFORMAÇÕES: Previously run:               0
mai. 28, 2025 5:57:43 PM liquibase.util
INFORMAÇÕES: Filtered out:                 0
mai. 28, 2025 5:57:43 PM liquibase.util
INFORMAÇÕES: -------------------------------
mai. 28, 2025 5:57:43 PM liquibase.util
INFORMAÇÕES: Total change sets:            4
mai. 28, 2025 5:57:43 PM liquibase.util
INFORMAÇÕES: Update summary generated
mai. 28, 2025 5:57:43 PM liquibase.command
INFORMAÇÕES: Update command completed successfully.
Liquibase: Update has been successful. Rows affected: 4
mai. 28, 2025 5:57:43 PM liquibase.lockservice
INFORMAÇÕES: Successfully released change log lock
mai. 28, 2025 5:57:43 PM liquibase.command
INFORMAÇÕES: Command execution complete
